IQ-TREE multicore version 2.1.4-beta COVID-edition for Linux 64-bit built Jun 24 2021
Developed by Bui Quang Minh, James Barbetti, Nguyen Lam Tung,
Olga Chernomor, Heiko Schmidt, Dominik Schrempf, Michael Woodhams.

Host:    saunders-608-24.local (AVX512, FMA3, 92 GB RAM)
Command: iqtree -s /SAN/ugi/plant_genom/jiajucui/4_mapping_to_pseudomonas/tailocin_extract/tree/fullinfo/handm_filtered_TFA_samples_clustalo.fasta -nt AUTO -bb 1000 -alrt 1000 -pre /SAN/ugi/plant_genom/jiajucui/4_mapping_to_pseudomonas/tailocin_extract/tree/fullinfo/ffilter_TFA
Seed:    313374 (Using SPRNG - Scalable Parallel Random Number Generator)
Time:    Mon Jul  8 01:12:35 2024
Kernel:  AVX+FMA - auto-detect threads (48 CPU cores detected)

Reading alignment file /SAN/ugi/plant_genom/jiajucui/4_mapping_to_pseudomonas/tailocin_extract/tree/fullinfo/handm_filtered_TFA_samples_clustalo.fasta ... Fasta format detected
Alignment most likely contains DNA/RNA sequences
Alignment has 67 sequences with 282 columns, 81 distinct patterns
114 parsimony-informative, 1 singleton sites, 167 constant sites
                             Gap/Ambiguity  Composition  p-value
   1  109.OR_1990|TFA_p5.D5          0.00%    passed     96.98%
   2  34.ESP_1985c_S36|TFA_p21.F9    0.00%    passed     84.26%
   3  75.LTU_1894_S30|TFA_p5.D5      0.00%    passed     96.98%
   4  76.LTU_2009_S19|TFA_p21.F9     0.00%    passed     82.05%
   5  HB0737|TFA_p23.B8              0.00%    passed     89.68%
   6  HB0766|TFA_p21.F9              0.00%    passed     88.19%
   7  PL0001|TFA_p21.F9              0.00%    passed     84.93%
   8  PL0042|TFA_p5.D5               0.00%    passed     94.93%
   9  PL0046|TFA_p21.F9              0.00%    passed     84.26%
  10  PL0051|TFA_p5.D5               0.00%    passed     96.98%
  11  PL0053|TFA_p21.F9              0.00%    passed     83.86%
  12  PL0059|TFA_p23.B8              0.00%    passed     89.68%
  13  PL0068|TFA_p23.B8              0.00%    passed     89.68%
  14  PL0080|TFA_p21.F9              0.00%    passed     85.77%
  15  PL0102|TFA_p5.D5               0.00%    passed     94.93%
  16  PL0127|TFA_p7.G11              0.00%    passed     87.40%
  17  PL0131|TFA_p25.C2              0.00%    passed     85.92%
  18  PL0137|TFA_p26.D6              0.00%    passed     95.57%
  19  PL0210|TFA_p7.G11              0.00%    passed     96.90%
  20  PL0224|TFA_p21.F9              0.00%    passed     93.17%
  21  PL0235|TFA_p21.F9              0.00%    passed     88.19%
  22  PL0240|TFA_p21.F9              0.00%    passed     82.05%
  23  p12.A11|TFA_p21.F9             0.00%    passed     84.93%
  24  p12.E2|TFA_p5.D5               0.00%    passed     95.57%
  25  p12.F2|TFA_p21.F9              0.00%    passed     84.93%
  26  p12.G7|TFA_p5.D5               0.00%    passed     94.93%
  27  p13.C1|TFA_p21.F9              0.00%    passed     79.79%
  28  p13.C7|TFA_p5.D5               0.00%    passed     96.98%
  29  p13.D10|TFA_p5.D5              0.00%    passed     93.46%
  30  p20.D4|TFA_p25.C2              0.00%    passed     92.81%
  31  p20.G9|TFA_p21.F9              0.00%    passed     84.93%
  32  p21.A8|TFA_p21.F9              0.00%    passed     84.93%
  33  p21.E3|TFA_p21.F9              0.00%    passed     79.79%
  34  p21.F1|TFA_p5.D5               0.00%    passed     96.98%
  35  p21.F9|TFA_p21.F9              0.00%    passed     84.93%
  36  p22.A8|TFA_p21.F9              0.00%    passed     79.79%
  37  p22.B5|TFA_p21.F9              0.00%    passed     79.79%
  38  p22.D1|TFA_p21.F9              0.00%    passed     84.93%
  39  p22.D4|TFA_p26.D6              0.00%    passed     95.57%
  40  p24.H2|TFA_p7.G11              0.00%    passed     96.90%
  41  p25.A12|TFA_p25.A12            0.00%    passed     83.84%
  42  p25.B2|TFA_p25.C2              0.00%    passed     93.91%
  43  p25.C11|TFA_p21.F9             0.00%    passed     84.93%
  44  p25.C2|TFA_p25.C2              0.00%    passed     93.91%
  45  p25.D2|TFA_p25.C2              0.00%    passed     93.91%
  46  p26.B7|TFA_p5.D5               0.00%    passed     95.57%
  47  p26.D6|TFA_p26.D6              0.00%    passed     95.57%
  48  p26.E7|TFA_p23.B8              0.00%    passed     89.68%
  49  p27.D6|TFA_p21.F9              0.00%    passed     84.26%
  50  p27.F2|TFA_p5.D5               0.00%    passed     96.98%
  51  p3.A3|TFA_p25.C2               0.00%    passed     93.91%
  52  p3.F12|TFA_p25.C2              0.00%    passed     93.91%
  53  p3.F8|TFA_p26.D6               0.00%    passed     95.57%
  54  p3.G9|TFA_p5.D5                0.00%    passed     94.93%
  55  p4.D2|TFA_p5.D5                0.00%    passed     95.57%
  56  p4.E5|TFA_p21.F9               0.00%    passed     79.79%
  57  p4.E6|TFA_p21.F9               0.00%    passed     79.79%
  58  p5.C3|TFA_p21.F9               0.00%    passed     79.79%
  59  p5.H11|TFA_p7.G11              0.00%    passed     97.58%
  60  p6.A10|TFA_p25.C2              0.00%    passed     92.81%
  61  p6.B9|TFA_p26.D6               0.00%    passed     95.57%
  62  p7.G11|TFA_p7.G11              0.00%    passed     97.58%
  63  p8.B3|TFA_p25.C2               0.00%    passed     93.91%
  64  p8.B9|TFA_p5.D5                0.00%    passed     96.98%
  65  p8.C7|TFA_p21.F9               0.00%    passed     88.19%
  66  p8.E4|TFA_p25.A12              0.00%    passed     83.84%
  67  p8.H7|TFA_p7.G11               0.00%    passed     98.27%
****  TOTAL                          0.00%  0 sequences failed composition chi2 test (p-value<5%; df=3)
NOTE: 75.LTU_1894_S30|TFA_p5.D5 is identical to 109.OR_1990|TFA_p5.D5 but kept for subsequent analysis
NOTE: PL0046|TFA_p21.F9 is identical to 34.ESP_1985c_S36|TFA_p21.F9 but kept for subsequent analysis
NOTE: PL0240|TFA_p21.F9 is identical to 76.LTU_2009_S19|TFA_p21.F9 but kept for subsequent analysis
NOTE: PL0059|TFA_p23.B8 is identical to HB0737|TFA_p23.B8 but kept for subsequent analysis
NOTE: PL0235|TFA_p21.F9 is identical to HB0766|TFA_p21.F9 but kept for subsequent analysis
NOTE: p12.A11|TFA_p21.F9 is identical to PL0001|TFA_p21.F9 but kept for subsequent analysis
NOTE: PL0102|TFA_p5.D5 is identical to PL0042|TFA_p5.D5 but kept for subsequent analysis
NOTE: p22.D4|TFA_p26.D6 is identical to PL0137|TFA_p26.D6 but kept for subsequent analysis
NOTE: p26.B7|TFA_p5.D5 is identical to p12.E2|TFA_p5.D5 but kept for subsequent analysis
NOTE: p21.E3|TFA_p21.F9 is identical to p13.C1|TFA_p21.F9 but kept for subsequent analysis
NOTE: p6.A10|TFA_p25.C2 is identical to p20.D4|TFA_p25.C2 but kept for subsequent analysis
NOTE: p8.E4|TFA_p25.A12 is identical to p25.A12|TFA_p25.A12 but kept for subsequent analysis
NOTE: p25.C2|TFA_p25.C2 is identical to p25.B2|TFA_p25.C2 but kept for subsequent analysis
NOTE: p7.G11|TFA_p7.G11 is identical to p5.H11|TFA_p7.G11 but kept for subsequent analysis
NOTE: 30 identical sequences (see below) will be ignored for subsequent analysis
NOTE: PL0051|TFA_p5.D5 (identical to 109.OR_1990|TFA_p5.D5) is ignored but added at the end
NOTE: p13.C7|TFA_p5.D5 (identical to 109.OR_1990|TFA_p5.D5) is ignored but added at the end
NOTE: p21.F1|TFA_p5.D5 (identical to 109.OR_1990|TFA_p5.D5) is ignored but added at the end
NOTE: p27.F2|TFA_p5.D5 (identical to 109.OR_1990|TFA_p5.D5) is ignored but added at the end
NOTE: p8.B9|TFA_p5.D5 (identical to 109.OR_1990|TFA_p5.D5) is ignored but added at the end
NOTE: p27.D6|TFA_p21.F9 (identical to 34.ESP_1985c_S36|TFA_p21.F9) is ignored but added at the end
NOTE: PL0068|TFA_p23.B8 (identical to HB0737|TFA_p23.B8) is ignored but added at the end
NOTE: p26.E7|TFA_p23.B8 (identical to HB0737|TFA_p23.B8) is ignored but added at the end
NOTE: p8.C7|TFA_p21.F9 (identical to HB0766|TFA_p21.F9) is ignored but added at the end
NOTE: p12.F2|TFA_p21.F9 (identical to PL0001|TFA_p21.F9) is ignored but added at the end
NOTE: p20.G9|TFA_p21.F9 (identical to PL0001|TFA_p21.F9) is ignored but added at the end
NOTE: p21.A8|TFA_p21.F9 (identical to PL0001|TFA_p21.F9) is ignored but added at the end
NOTE: p21.F9|TFA_p21.F9 (identical to PL0001|TFA_p21.F9) is ignored but added at the end
NOTE: p22.D1|TFA_p21.F9 (identical to PL0001|TFA_p21.F9) is ignored but added at the end
NOTE: p25.C11|TFA_p21.F9 (identical to PL0001|TFA_p21.F9) is ignored but added at the end
NOTE: p12.G7|TFA_p5.D5 (identical to PL0042|TFA_p5.D5) is ignored but added at the end
NOTE: p3.G9|TFA_p5.D5 (identical to PL0042|TFA_p5.D5) is ignored but added at the end
NOTE: p26.D6|TFA_p26.D6 (identical to PL0137|TFA_p26.D6) is ignored but added at the end
NOTE: p3.F8|TFA_p26.D6 (identical to PL0137|TFA_p26.D6) is ignored but added at the end
NOTE: p6.B9|TFA_p26.D6 (identical to PL0137|TFA_p26.D6) is ignored but added at the end
NOTE: p4.D2|TFA_p5.D5 (identical to p12.E2|TFA_p5.D5) is ignored but added at the end
NOTE: p22.A8|TFA_p21.F9 (identical to p13.C1|TFA_p21.F9) is ignored but added at the end
NOTE: p22.B5|TFA_p21.F9 (identical to p13.C1|TFA_p21.F9) is ignored but added at the end
NOTE: p4.E5|TFA_p21.F9 (identical to p13.C1|TFA_p21.F9) is ignored but added at the end
NOTE: p4.E6|TFA_p21.F9 (identical to p13.C1|TFA_p21.F9) is ignored but added at the end
NOTE: p5.C3|TFA_p21.F9 (identical to p13.C1|TFA_p21.F9) is ignored but added at the end
NOTE: p25.D2|TFA_p25.C2 (identical to p25.B2|TFA_p25.C2) is ignored but added at the end
NOTE: p3.A3|TFA_p25.C2 (identical to p25.B2|TFA_p25.C2) is ignored but added at the end
NOTE: p3.F12|TFA_p25.C2 (identical to p25.B2|TFA_p25.C2) is ignored but added at the end
NOTE: p8.B3|TFA_p25.C2 (identical to p25.B2|TFA_p25.C2) is ignored but added at the end
Alignment was printed to /SAN/ugi/plant_genom/jiajucui/4_mapping_to_pseudomonas/tailocin_extract/tree/fullinfo/ffilter_TFA.uniqueseq.phy

For your convenience alignment with unique sequences printed to /SAN/ugi/plant_genom/jiajucui/4_mapping_to_pseudomonas/tailocin_extract/tree/fullinfo/ffilter_TFA.uniqueseq.phy


Create initial parsimony tree by phylogenetic likelihood library (PLL)... 0.002 seconds
Measuring multi-threading efficiency up to 48 CPU cores
Increase to 10 rounds for branch lengths
4600 trees examined
Threads: 1 / Time: 48.009 sec / Speedup: 1.000 / Efficiency: 100% / LogL: -3296
Threads: 2 / Time: 47.203 sec / Speedup: 1.017 / Efficiency: 51% / LogL: -3296
Threads: 3 / Time: 48.616 sec / Speedup: 0.988 / Efficiency: 33% / LogL: -3296
BEST NUMBER OF THREADS: 1

Perform fast likelihood tree search using GTR+I+G model...
Estimate model parameters (epsilon = 5.000)
Perform nearest neighbor interchange...
Estimate model parameters (epsilon = 1.000)
1. Initial log-likelihood: -1132.932
Optimal log-likelihood: -1132.914
Rate parameters:  A-C: 2.19920  A-G: 4.17835  A-T: 2.06259  C-G: 0.59955  C-T: 5.12591  G-T: 1.00000
Base frequencies:  A: 0.220  C: 0.280  G: 0.274  T: 0.227
Proportion of invariable sites: 0.297
Gamma shape alpha: 1.771
Parameters optimization took 1 rounds (0.009 sec)
Time for fast ML tree search: 0.862 seconds

NOTE: ModelFinder requires 1 MB RAM!
ModelFinder will test up to 286 DNA models (sample size: 282) ...
 No. Model         -LnL         df  AIC          AICc         BIC
  1  GTR+F         1146.719     79  2451.439     2514.013     2739.150
  2  GTR+F+I       1132.766     80  2425.533     2490.011     2716.886
  3  GTR+F+G4      1133.238     80  2426.476     2490.954     2717.828
  4  GTR+F+I+G4    1132.911     81  2427.821     2494.241     2722.816
  5  GTR+F+R2      1133.457     81  2428.914     2495.334     2723.908
  6  GTR+F+R3      1133.430     83  2432.860     2503.284     2735.138
 15  SYM+I         1134.750     77  2423.500     2482.382     2703.927
 16  SYM+G4        1135.012     77  2424.023     2482.906     2704.450
 17  SYM+I+G4      1134.768     78  2425.536     2486.245     2709.605
 18  SYM+R2        1135.236     78  2426.472     2487.182     2710.541
 28  TVM+F+I       1133.073     79  2424.146     2486.720     2711.856
 29  TVM+F+G4      1133.480     79  2424.961     2487.535     2712.671
 30  TVM+F+I+G4    1133.179     80  2426.358     2490.836     2717.711
 31  TVM+F+R2      1133.685     80  2427.369     2491.847     2718.722
 41  TVMe+I        1135.150     76  2422.301     2479.394     2699.086
 42  TVMe+G4       1135.328     76  2422.657     2479.749     2699.442
 43  TVMe+I+G4     1135.125     77  2424.250     2483.132     2704.676
 44  TVMe+R2       1135.528     77  2425.055     2483.938     2705.482
 54  TIM3+F+I      1138.365     78  2432.731     2493.440     2716.799
 55  TIM3+F+G4     1137.913     78  2431.825     2492.535     2715.894
 56  TIM3+F+I+G4   1137.821     79  2433.642     2496.216     2721.352
 57  TIM3+F+R2     1138.183     79  2434.366     2496.940     2722.076
 67  TIM3e+I       1138.926     75  2427.853     2483.192     2700.996
 68  TIM3e+G4      1138.286     75  2426.571     2481.911     2699.714
 69  TIM3e+I+G4    1138.245     76  2428.490     2485.582     2705.275
 70  TIM3e+R2      1138.540     76  2429.079     2486.172     2705.864
 80  TIM2+F+I      1133.103     78  2422.205     2482.915     2706.274
 81  TIM2+F+G4     1133.525     78  2423.049     2483.759     2707.118
 82  TIM2+F+I+G4   1133.212     79  2424.424     2486.999     2712.135
 83  TIM2+F+R2     1133.763     79  2425.526     2488.100     2713.237
 93  TIM2e+I       1135.037     75  2420.074     2475.413     2693.217
 94  TIM2e+G4      1135.224     75  2420.449     2475.789     2693.592
 95  TIM2e+I+G4    1135.004     76  2422.008     2479.100     2698.793
 96  TIM2e+R2      1135.454     76  2422.907     2480.000     2699.692
106  TIM+F+I       1137.767     78  2431.533     2492.243     2715.602
107  TIM+F+G4      1137.464     78  2430.928     2491.638     2714.997
108  TIM+F+I+G4    1137.332     79  2432.663     2495.238     2720.374
109  TIM+F+R2      1137.738     79  2433.477     2496.051     2721.187
119  TIMe+I        1138.460     75  2426.920     2482.260     2700.063
120  TIMe+G4       1137.913     75  2425.826     2481.166     2698.969
121  TIMe+I+G4     1137.844     76  2427.687     2484.780     2704.472
122  TIMe+R2       1138.177     76  2428.353     2485.446     2705.138
132  TPM3u+F+I     1138.672     77  2431.343     2490.226     2711.770
133  TPM3u+F+G4    1138.127     77  2430.255     2489.137     2710.681
134  TPM3u+F+I+G4  1138.069     78  2432.138     2492.847     2716.207
135  TPM3u+F+R2    1138.375     78  2432.750     2493.460     2716.819
145  TPM3+F+I      1138.672     77  2431.343     2490.226     2711.770
146  TPM3+F+G4     1138.127     77  2430.255     2489.137     2710.681
147  TPM3+F+I+G4   1138.069     78  2432.138     2492.847     2716.207
148  TPM3+F+R2     1138.375     78  2432.750     2493.460     2716.819
158  TPM2u+F+I     1133.411     77  2420.821     2479.703     2701.248
159  TPM2u+F+G4    1133.769     77  2421.537     2480.420     2701.964
160  TPM2u+F+I+G4  1133.482     78  2422.964     2483.673     2707.032
161  TPM2u+F+R2    1133.985     78  2423.969     2484.678     2708.038
171  TPM2+F+I      1133.411     77  2420.821     2479.703     2701.248
172  TPM2+F+G4     1133.769     77  2421.537     2480.420     2701.964
173  TPM2+F+I+G4   1133.482     78  2422.964     2483.673     2707.032
174  TPM2+F+R2     1133.985     78  2423.969     2484.678     2708.038
184  K3Pu+F+I      1138.079     77  2430.157     2489.039     2710.584
185  K3Pu+F+G4     1137.687     77  2429.373     2488.256     2709.800
186  K3Pu+F+I+G4   1137.590     78  2431.179     2491.889     2715.248
187  K3Pu+F+R2     1137.941     78  2431.882     2492.591     2715.950
197  K3P+I         1138.820     74  2425.639     2479.262     2695.140
198  K3P+G4        1138.163     74  2424.327     2477.950     2693.828
199  K3P+I+G4      1138.136     75  2426.272     2481.611     2699.415
200  K3P+R2        1138.397     75  2426.794     2482.134     2699.937
210  TN+F+I        1138.435     77  2430.871     2489.753     2711.297
211  TN+F+G4       1137.994     77  2429.988     2488.871     2710.415
212  TN+F+I+G4     1137.901     78  2431.803     2492.512     2715.871
213  TN+F+R2       1138.261     78  2432.521     2493.231     2716.590
223  TNe+I         1138.934     74  2425.867     2479.491     2695.369
224  TNe+G4        1138.289     74  2424.577     2478.201     2694.079
225  TNe+I+G4      1138.248     75  2426.496     2481.836     2699.639
226  TNe+R2        1138.540     75  2427.080     2482.420     2700.223
236  HKY+F+I       1138.747     76  2429.494     2486.587     2706.279
237  HKY+F+G4      1138.212     76  2428.424     2485.517     2705.209
238  HKY+F+I+G4    1138.153     77  2430.306     2489.188     2710.733
239  HKY+F+R2      1138.460     77  2430.919     2489.801     2711.346
249  K2P+I         1139.299     73  2424.598     2476.540     2690.457
250  K2P+G4        1138.541     73  2423.083     2475.025     2688.942
251  K2P+I+G4      1138.539     74  2425.077     2478.700     2694.578
252  K2P+R2        1138.701     74  2425.402     2479.026     2694.904
262  F81+F+I       1159.976     75  2469.952     2525.292     2743.095
263  F81+F+G4      1159.508     75  2469.015     2524.355     2742.158
264  F81+F+I+G4    1159.504     76  2471.007     2528.100     2747.792
265  F81+F+R2      1159.670     76  2471.340     2528.433     2748.125
275  JC+I          1160.002     72  2464.003     2514.300     2726.221
276  JC+G4         1159.387     72  2462.775     2513.072     2724.992
277  JC+I+G4       1159.425     73  2464.850     2516.793     2730.710
278  JC+R2         1159.553     73  2465.106     2517.048     2730.965
Akaike Information Criterion:           TIM2e+I
Corrected Akaike Information Criterion: K2P+G4
Bayesian Information Criterion:         K2P+G4
Best-fit model: K2P+G4 chosen according to BIC

All model information printed to /SAN/ugi/plant_genom/jiajucui/4_mapping_to_pseudomonas/tailocin_extract/tree/fullinfo/ffilter_TFA.model.gz
CPU time for ModelFinder: 139.471 seconds (0h:2m:19s)
Wall-clock time for ModelFinder: 146.591 seconds (0h:2m:26s)
Generating 1000 samples for ultrafast bootstrap (seed: 313374)...

NOTE: 0 MB RAM (0 GB) is required!
Estimate model parameters (epsilon = 0.100)
1. Initial log-likelihood: -1138.541
Optimal log-likelihood: -1138.539
Rate parameters:  A-C: 1.00000  A-G: 3.47200  A-T: 1.00000  C-G: 1.00000  C-T: 3.47200  G-T: 1.00000
Base frequencies:  A: 0.250  C: 0.250  G: 0.250  T: 0.250
Gamma shape alpha: 0.535
Parameters optimization took 1 rounds (0.003 sec)
Computing ML distances based on estimated model parameters...
Computing ML distances took 0.048409 sec (of wall-clock time) 0.048275 sec(of CPU time)
WARNING: Some pairwise ML distances are too long (saturated)
Computing RapidNJ tree took 0.000204 sec (of wall-clock time) 0.000203 sec (of CPU time)
Log-likelihood of RapidNJ tree: -1164.286
--------------------------------------------------------------------
|             INITIALIZING CANDIDATE TREE SET                      |
--------------------------------------------------------------------
Generating 98 parsimony trees... 0.154 second
Computing log-likelihood of 98 initial trees ... 0.124 seconds
Current best score: -1138.486

Do NNI search on 20 best initial trees
Estimate model parameters (epsilon = 0.100)
BETTER TREE FOUND at iteration 1: -1136.892
Iteration 10 / LogL: -1138.547 / Time: 0h:0m:0s
Iteration 20 / LogL: -1139.252 / Time: 0h:0m:0s
Finish initializing candidate tree set (12)
Current best tree score: -1136.892 / CPU time: 0.805
Number of iterations: 20
--------------------------------------------------------------------
|               OPTIMIZING CANDIDATE TREE SET                      |
--------------------------------------------------------------------
Iteration 30 / LogL: -1136.897 / Time: 0h:0m:1s (0h:0m:3s left)
Iteration 40 / LogL: -1136.894 / Time: 0h:0m:1s (0h:0m:3s left)
Iteration 50 / LogL: -1141.213 / Time: 0h:0m:2s (0h:0m:2s left)
Log-likelihood cutoff on original alignment: -1165.180
Iteration 60 / LogL: -1136.894 / Time: 0h:0m:3s (0h:0m:2s left)
Iteration 70 / LogL: -1136.895 / Time: 0h:0m:3s (0h:0m:1s left)
Iteration 80 / LogL: -1137.859 / Time: 0h:0m:4s (0h:0m:1s left)
Iteration 90 / LogL: -1136.898 / Time: 0h:0m:4s (0h:0m:0s left)
Iteration 100 / LogL: -1136.895 / Time: 0h:0m:5s (0h:0m:0s left)
Log-likelihood cutoff on original alignment: -1165.857
NOTE: Bootstrap correlation coefficient of split occurrence frequencies: 0.994
TREE SEARCH COMPLETED AFTER 102 ITERATIONS / Time: 0h:0m:5s

--------------------------------------------------------------------
|                    FINALIZING TREE SEARCH                        |
--------------------------------------------------------------------
Performs final model parameters optimization
Estimate model parameters (epsilon = 0.010)
1. Initial log-likelihood: -1136.892
Optimal log-likelihood: -1136.892
Rate parameters:  A-C: 1.00000  A-G: 3.40134  A-T: 1.00000  C-G: 1.00000  C-T: 3.40134  G-T: 1.00000
Base frequencies:  A: 0.250  C: 0.250  G: 0.250  T: 0.250
Gamma shape alpha: 0.531
Parameters optimization took 1 rounds (0.003 sec)
BEST SCORE FOUND : -1136.892

Testing tree branches by SH-like aLRT with 1000 replicates...
0.197 sec.
Creating bootstrap support values...
Split supports printed to NEXUS file /SAN/ugi/plant_genom/jiajucui/4_mapping_to_pseudomonas/tailocin_extract/tree/fullinfo/ffilter_TFA.splits.nex
Total tree length: 0.885

Total number of iterations: 102
CPU time used for tree search: 5.016 sec (0h:0m:5s)
Wall-clock time used for tree search: 5.188 sec (0h:0m:5s)
Total CPU time used: 5.381 sec (0h:0m:5s)
Total wall-clock time used: 5.597 sec (0h:0m:5s)

Computing bootstrap consensus tree...
Reading input file /SAN/ugi/plant_genom/jiajucui/4_mapping_to_pseudomonas/tailocin_extract/tree/fullinfo/ffilter_TFA.splits.nex...
37 taxa and 321 splits.
Consensus tree written to /SAN/ugi/plant_genom/jiajucui/4_mapping_to_pseudomonas/tailocin_extract/tree/fullinfo/ffilter_TFA.contree
Reading input trees file /SAN/ugi/plant_genom/jiajucui/4_mapping_to_pseudomonas/tailocin_extract/tree/fullinfo/ffilter_TFA.contree
Log-likelihood of consensus tree: -1136.912

Analysis results written to: 
  IQ-TREE report:                /SAN/ugi/plant_genom/jiajucui/4_mapping_to_pseudomonas/tailocin_extract/tree/fullinfo/ffilter_TFA.iqtree
  Maximum-likelihood tree:       /SAN/ugi/plant_genom/jiajucui/4_mapping_to_pseudomonas/tailocin_extract/tree/fullinfo/ffilter_TFA.treefile
  Likelihood distances:          /SAN/ugi/plant_genom/jiajucui/4_mapping_to_pseudomonas/tailocin_extract/tree/fullinfo/ffilter_TFA.mldist

Ultrafast bootstrap approximation results written to:
  Split support values:          /SAN/ugi/plant_genom/jiajucui/4_mapping_to_pseudomonas/tailocin_extract/tree/fullinfo/ffilter_TFA.splits.nex
  Consensus tree:                /SAN/ugi/plant_genom/jiajucui/4_mapping_to_pseudomonas/tailocin_extract/tree/fullinfo/ffilter_TFA.contree
  Screen log file:               /SAN/ugi/plant_genom/jiajucui/4_mapping_to_pseudomonas/tailocin_extract/tree/fullinfo/ffilter_TFA.log

Date and Time: Mon Jul  8 01:15:07 2024
