IQ-TREE multicore version 2.1.4-beta COVID-edition for Linux 64-bit built Jun 24 2021
Developed by Bui Quang Minh, James Barbetti, Nguyen Lam Tung,
Olga Chernomor, Heiko Schmidt, Dominik Schrempf, Michael Woodhams.

Host:    saunders-608-24.local (AVX512, FMA3, 92 GB RAM)
Command: iqtree -s /SAN/ugi/plant_genom/jiajucui/4_mapping_to_pseudomonas/tailocin_extract/tree/fullinfo/handm_all_TFA_samples_clustalo.fasta -nt AUTO -bb 1000 -alrt 1000 -pre /SAN/ugi/plant_genom/jiajucui/4_mapping_to_pseudomonas/tailocin_extract/tree/fullinfo/ftailocin_TFA
Seed:    661693 (Using SPRNG - Scalable Parallel Random Number Generator)
Time:    Mon Jul  8 01:07:11 2024
Kernel:  AVX+FMA - auto-detect threads (48 CPU cores detected)

Reading alignment file /SAN/ugi/plant_genom/jiajucui/4_mapping_to_pseudomonas/tailocin_extract/tree/fullinfo/handm_all_TFA_samples_clustalo.fasta ... Fasta format detected
Alignment most likely contains DNA/RNA sequences
Alignment has 72 sequences with 56 columns, 27 distinct patterns
26 parsimony-informative, 2 singleton sites, 28 constant sites
                             Gap/Ambiguity  Composition  p-value
   1  109.OR_1990|TFA_p5.D5          0.00%    passed     92.47%
   2  120.RUS_1860|TFA_p5.D5         0.00%    passed     92.47%
   3  33.ESP_1985b|TFA_p23.B8        0.00%    passed     87.88%
   4  34.ESP_1985c_S36|TFA_p21.F9    0.00%    passed     93.24%
   5  75.LTU_1894_S30|TFA_p5.D5      0.00%    passed     92.47%
   6  76.LTU_2009_S19|TFA_p21.F9     0.00%    passed     93.24%
   7  HB0737|TFA_p23.B8              0.00%    passed     87.88%
   8  HB0766|TFA_p21.F9              0.00%    passed     80.86%
   9  PL0001|TFA_p21.F9              0.00%    passed     80.86%
  10  PL0042|TFA_p5.D5               0.00%    passed     92.47%
  11  PL0046|TFA_p21.F9              0.00%    passed     93.24%
  12  PL0051|TFA_p5.D5               0.00%    passed     92.47%
  13  PL0053|TFA_p21.F9              0.00%    passed     94.34%
  14  PL0059|TFA_p23.B8              0.00%    passed     87.88%
  15  PL0068|TFA_p23.B8              0.00%    passed     87.88%
  16  PL0080|TFA_p21.F9              0.00%    passed     94.34%
  17  PL0102|TFA_p5.D5               0.00%    passed     92.47%
  18  PL0127|TFA_p7.G11              0.00%    passed     84.09%
  19  PL0131|TFA_p25.C2              0.00%    passed     84.41%
  20  PL0137|TFA_p26.D6              0.00%    passed     95.48%
  21  PL0210|TFA_p7.G11              0.00%    passed     84.09%
  22  PL0220|TFA_p25.A12             0.00%    passed     84.41%
  23  PL0224|TFA_p21.F9              0.00%    passed     82.14%
  24  PL0235|TFA_p21.F9              0.00%    passed     80.86%
  25  PL0240|TFA_p21.F9              0.00%    passed     93.24%
  26  p12.A11|TFA_p21.F9             0.00%    passed     80.86%
  27  p12.E2|TFA_p5.D5               0.00%    passed     92.47%
  28  p12.F2|TFA_p21.F9              0.00%    passed     80.86%
  29  p12.G7|TFA_p5.D5               0.00%    passed     92.47%
  30  p12.H7|TFA_p25.C2              0.00%    passed     87.88%
  31  p13.C1|TFA_p21.F9              0.00%    passed     72.55%
  32  p13.C7|TFA_p5.D5               0.00%    passed     92.47%
  33  p13.D10|TFA_p5.D5              0.00%    passed     91.55%
  34  p13.F1|TFA_p25.C2              0.00%    passed     92.47%
  35  p20.D4|TFA_p25.C2              0.00%    passed     87.88%
  36  p20.G9|TFA_p21.F9              0.00%    passed     80.86%
  37  p21.A8|TFA_p21.F9              0.00%    passed     80.86%
  38  p21.E3|TFA_p21.F9              0.00%    passed     72.55%
  39  p21.F1|TFA_p5.D5               0.00%    passed     92.47%
  40  p21.F9|TFA_p21.F9              0.00%    passed     80.86%
  41  p22.A8|TFA_p21.F9              0.00%    passed     72.55%
  42  p22.B5|TFA_p21.F9              0.00%    passed     72.55%
  43  p22.D1|TFA_p21.F9              0.00%    passed     80.86%
  44  p22.D4|TFA_p26.D6              0.00%    passed     95.48%
  45  p24.H2|TFA_p7.G11              0.00%    passed     84.09%
  46  p25.A12|TFA_p25.A12            0.00%    passed     84.41%
  47  p25.B2|TFA_p25.C2              0.00%    passed     87.88%
  48  p25.C11|TFA_p21.F9             0.00%    passed     80.86%
  49  p25.C2|TFA_p25.C2              0.00%    passed     87.88%
  50  p25.D2|TFA_p25.C2              0.00%    passed     87.88%
  51  p26.B7|TFA_p5.D5               0.00%    passed     92.47%
  52  p26.D6|TFA_p26.D6              0.00%    passed     95.48%
  53  p26.E7|TFA_p23.B8              0.00%    passed     87.88%
  54  p27.D6|TFA_p21.F9              0.00%    passed     93.24%
  55  p27.F2|TFA_p5.D5               0.00%    passed     92.47%
  56  p3.A3|TFA_p25.C2               0.00%    passed     87.88%
  57  p3.F12|TFA_p25.C2              0.00%    passed     87.88%
  58  p3.F8|TFA_p26.D6               0.00%    passed     95.48%
  59  p3.G9|TFA_p5.D5                0.00%    passed     92.47%
  60  p4.D2|TFA_p5.D5                0.00%    passed     92.47%
  61  p4.E5|TFA_p21.F9               0.00%    passed     72.55%
  62  p4.E6|TFA_p21.F9               0.00%    passed     72.55%
  63  p5.C3|TFA_p21.F9               0.00%    passed     72.55%
  64  p5.H11|TFA_p7.G11              0.00%    passed     84.09%
  65  p6.A10|TFA_p25.C2              0.00%    passed     87.88%
  66  p6.B9|TFA_p26.D6               0.00%    passed     95.48%
  67  p7.G11|TFA_p7.G11              0.00%    passed     84.09%
  68  p8.B3|TFA_p25.C2               0.00%    passed     87.88%
  69  p8.B9|TFA_p5.D5                0.00%    passed     92.47%
  70  p8.C7|TFA_p21.F9               0.00%    passed     80.86%
  71  p8.E4|TFA_p25.A12              0.00%    passed     84.41%
  72  p8.H7|TFA_p7.G11               0.00%    passed     84.09%
****  TOTAL                          0.00%  0 sequences failed composition chi2 test (p-value<5%; df=3)
NOTE: 120.RUS_1860|TFA_p5.D5 is identical to 109.OR_1990|TFA_p5.D5 but kept for subsequent analysis
NOTE: HB0737|TFA_p23.B8 is identical to 33.ESP_1985b|TFA_p23.B8 but kept for subsequent analysis
NOTE: 76.LTU_2009_S19|TFA_p21.F9 is identical to 34.ESP_1985c_S36|TFA_p21.F9 but kept for subsequent analysis
NOTE: PL0001|TFA_p21.F9 is identical to HB0766|TFA_p21.F9 but kept for subsequent analysis
NOTE: PL0080|TFA_p21.F9 is identical to PL0053|TFA_p21.F9 but kept for subsequent analysis
NOTE: PL0210|TFA_p7.G11 is identical to PL0127|TFA_p7.G11 but kept for subsequent analysis
NOTE: PL0220|TFA_p25.A12 is identical to PL0131|TFA_p25.C2 but kept for subsequent analysis
NOTE: p22.D4|TFA_p26.D6 is identical to PL0137|TFA_p26.D6 but kept for subsequent analysis
NOTE: p20.D4|TFA_p25.C2 is identical to p12.H7|TFA_p25.C2 but kept for subsequent analysis
NOTE: p21.E3|TFA_p21.F9 is identical to p13.C1|TFA_p21.F9 but kept for subsequent analysis
NOTE: 49 identical sequences (see below) will be ignored for subsequent analysis
NOTE: 75.LTU_1894_S30|TFA_p5.D5 (identical to 109.OR_1990|TFA_p5.D5) is ignored but added at the end
NOTE: PL0042|TFA_p5.D5 (identical to 109.OR_1990|TFA_p5.D5) is ignored but added at the end
NOTE: PL0051|TFA_p5.D5 (identical to 109.OR_1990|TFA_p5.D5) is ignored but added at the end
NOTE: PL0102|TFA_p5.D5 (identical to 109.OR_1990|TFA_p5.D5) is ignored but added at the end
NOTE: p12.E2|TFA_p5.D5 (identical to 109.OR_1990|TFA_p5.D5) is ignored but added at the end
NOTE: p12.G7|TFA_p5.D5 (identical to 109.OR_1990|TFA_p5.D5) is ignored but added at the end
NOTE: p13.C7|TFA_p5.D5 (identical to 109.OR_1990|TFA_p5.D5) is ignored but added at the end
NOTE: p21.F1|TFA_p5.D5 (identical to 109.OR_1990|TFA_p5.D5) is ignored but added at the end
NOTE: p26.B7|TFA_p5.D5 (identical to 109.OR_1990|TFA_p5.D5) is ignored but added at the end
NOTE: p27.F2|TFA_p5.D5 (identical to 109.OR_1990|TFA_p5.D5) is ignored but added at the end
NOTE: p3.G9|TFA_p5.D5 (identical to 109.OR_1990|TFA_p5.D5) is ignored but added at the end
NOTE: p4.D2|TFA_p5.D5 (identical to 109.OR_1990|TFA_p5.D5) is ignored but added at the end
NOTE: p8.B9|TFA_p5.D5 (identical to 109.OR_1990|TFA_p5.D5) is ignored but added at the end
NOTE: PL0059|TFA_p23.B8 (identical to 33.ESP_1985b|TFA_p23.B8) is ignored but added at the end
NOTE: PL0068|TFA_p23.B8 (identical to 33.ESP_1985b|TFA_p23.B8) is ignored but added at the end
NOTE: p26.E7|TFA_p23.B8 (identical to 33.ESP_1985b|TFA_p23.B8) is ignored but added at the end
NOTE: PL0046|TFA_p21.F9 (identical to 34.ESP_1985c_S36|TFA_p21.F9) is ignored but added at the end
NOTE: PL0240|TFA_p21.F9 (identical to 34.ESP_1985c_S36|TFA_p21.F9) is ignored but added at the end
NOTE: p27.D6|TFA_p21.F9 (identical to 34.ESP_1985c_S36|TFA_p21.F9) is ignored but added at the end
NOTE: PL0235|TFA_p21.F9 (identical to HB0766|TFA_p21.F9) is ignored but added at the end
NOTE: p12.A11|TFA_p21.F9 (identical to HB0766|TFA_p21.F9) is ignored but added at the end
NOTE: p12.F2|TFA_p21.F9 (identical to HB0766|TFA_p21.F9) is ignored but added at the end
NOTE: p20.G9|TFA_p21.F9 (identical to HB0766|TFA_p21.F9) is ignored but added at the end
NOTE: p21.A8|TFA_p21.F9 (identical to HB0766|TFA_p21.F9) is ignored but added at the end
NOTE: p21.F9|TFA_p21.F9 (identical to HB0766|TFA_p21.F9) is ignored but added at the end
NOTE: p22.D1|TFA_p21.F9 (identical to HB0766|TFA_p21.F9) is ignored but added at the end
NOTE: p25.C11|TFA_p21.F9 (identical to HB0766|TFA_p21.F9) is ignored but added at the end
NOTE: p8.C7|TFA_p21.F9 (identical to HB0766|TFA_p21.F9) is ignored but added at the end
NOTE: p24.H2|TFA_p7.G11 (identical to PL0127|TFA_p7.G11) is ignored but added at the end
NOTE: p5.H11|TFA_p7.G11 (identical to PL0127|TFA_p7.G11) is ignored but added at the end
NOTE: p7.G11|TFA_p7.G11 (identical to PL0127|TFA_p7.G11) is ignored but added at the end
NOTE: p8.H7|TFA_p7.G11 (identical to PL0127|TFA_p7.G11) is ignored but added at the end
NOTE: p25.A12|TFA_p25.A12 (identical to PL0131|TFA_p25.C2) is ignored but added at the end
NOTE: p8.E4|TFA_p25.A12 (identical to PL0131|TFA_p25.C2) is ignored but added at the end
NOTE: p26.D6|TFA_p26.D6 (identical to PL0137|TFA_p26.D6) is ignored but added at the end
NOTE: p3.F8|TFA_p26.D6 (identical to PL0137|TFA_p26.D6) is ignored but added at the end
NOTE: p6.B9|TFA_p26.D6 (identical to PL0137|TFA_p26.D6) is ignored but added at the end
NOTE: p25.B2|TFA_p25.C2 (identical to p12.H7|TFA_p25.C2) is ignored but added at the end
NOTE: p25.C2|TFA_p25.C2 (identical to p12.H7|TFA_p25.C2) is ignored but added at the end
NOTE: p25.D2|TFA_p25.C2 (identical to p12.H7|TFA_p25.C2) is ignored but added at the end
NOTE: p3.A3|TFA_p25.C2 (identical to p12.H7|TFA_p25.C2) is ignored but added at the end
NOTE: p3.F12|TFA_p25.C2 (identical to p12.H7|TFA_p25.C2) is ignored but added at the end
NOTE: p6.A10|TFA_p25.C2 (identical to p12.H7|TFA_p25.C2) is ignored but added at the end
NOTE: p8.B3|TFA_p25.C2 (identical to p12.H7|TFA_p25.C2) is ignored but added at the end
NOTE: p22.A8|TFA_p21.F9 (identical to p13.C1|TFA_p21.F9) is ignored but added at the end
NOTE: p22.B5|TFA_p21.F9 (identical to p13.C1|TFA_p21.F9) is ignored but added at the end
NOTE: p4.E5|TFA_p21.F9 (identical to p13.C1|TFA_p21.F9) is ignored but added at the end
NOTE: p4.E6|TFA_p21.F9 (identical to p13.C1|TFA_p21.F9) is ignored but added at the end
NOTE: p5.C3|TFA_p21.F9 (identical to p13.C1|TFA_p21.F9) is ignored but added at the end
Alignment was printed to /SAN/ugi/plant_genom/jiajucui/4_mapping_to_pseudomonas/tailocin_extract/tree/fullinfo/ftailocin_TFA.uniqueseq.phy

For your convenience alignment with unique sequences printed to /SAN/ugi/plant_genom/jiajucui/4_mapping_to_pseudomonas/tailocin_extract/tree/fullinfo/ftailocin_TFA.uniqueseq.phy


Create initial parsimony tree by phylogenetic likelihood library (PLL)... 0.001 seconds
Measuring multi-threading efficiency up to 48 CPU cores
Increase to 10 rounds for branch lengths
17740 trees examined
Threads: 1 / Time: 48.002 sec / Speedup: 1.000 / Efficiency: 100% / LogL: -478
Threads: 2 / Time: 46.431 sec / Speedup: 1.034 / Efficiency: 52% / LogL: -478
Threads: 3 / Time: 47.643 sec / Speedup: 1.008 / Efficiency: 34% / LogL: -478
BEST NUMBER OF THREADS: 1

Perform fast likelihood tree search using GTR+I+G model...
Estimate model parameters (epsilon = 5.000)
Perform nearest neighbor interchange...
Estimate model parameters (epsilon = 1.000)
1. Initial log-likelihood: -224.174
Optimal log-likelihood: -224.152
Rate parameters:  A-C: 0.95070  A-G: 3.32460  A-T: 0.43993  C-G: 0.17072  C-T: 2.17938  G-T: 1.00000
Base frequencies:  A: 0.220  C: 0.275  G: 0.277  T: 0.228
Proportion of invariable sites: 0.231
Gamma shape alpha: 998.399
Parameters optimization took 1 rounds (0.005 sec)
Time for fast ML tree search: 0.113 seconds

NOTE: ModelFinder requires 0 MB RAM!
ModelFinder will test up to 286 DNA models (sample size: 56) ...
 No. Model         -LnL         df  AIC          AICc         BIC
  1  GTR+F         224.384      51  550.768      1876.768     654.061
  2  GTR+F+I       224.088      52  552.177      2389.510     657.495
  3  GTR+F+G4      224.289      52  552.578      2389.911     657.896
  4  GTR+F+I+G4    224.119      53  554.238      3416.238     661.582
  5  GTR+F+R2      224.296      53  554.592      3416.592     661.936
  6  GTR+F+R3      224.254      55  558.508      6718.508     669.902
 14  SYM           225.348      48  546.697      1218.697     643.913
 15  SYM+I         224.873      49  547.746      1364.413     646.988
 16  SYM+G4        225.161      49  548.322      1364.988     647.564
 17  SYM+I+G4      224.874      50  549.749      1569.749     651.017
 18  SYM+R2        225.115      50  550.230      1570.230     651.497
 27  TVM+F         224.618      50  549.235      1569.235     650.503
 28  TVM+F+I       224.402      51  550.805      1876.805     654.098
 29  TVM+F+G4      224.531      51  551.062      1877.062     654.355
 30  TVM+F+I+G4    224.458      52  552.916      2390.249     658.234
 31  TVM+F+R2      224.546      52  553.091      2390.425     658.409
 40  TVMe          225.544      47  545.088      1109.088     640.280
 41  TVMe+I        225.183      48  546.365      1218.365     643.582
 42  TVMe+G4       225.370      48  546.741      1218.741     643.958
 43  TVMe+I+G4     225.195      49  548.390      1365.057     647.632
 44  TVMe+R2       225.342      49  548.683      1365.350     647.926
 53  TIM3+F        225.955      49  549.911      1366.577     649.153
 54  TIM3+F+I      225.499      50  550.997      1570.997     652.265
 55  TIM3+F+G4     225.724      50  551.447      1571.447     652.715
 56  TIM3+F+I+G4   225.500      51  553.000      1879.000     656.293
 57  TIM3+F+R2     225.690      51  553.379      1879.379     656.672
 66  TIM3e         226.745      46  545.490      1025.935     638.656
 67  TIM3e+I       226.114      47  546.228      1110.228     641.420
 68  TIM3e+G4      226.425      47  546.850      1110.850     642.041
 69  TIM3e+I+G4    226.116      48  548.231      1220.231     645.448
 70  TIM3e+R2      226.357      48  548.715      1220.715     645.932
 79  TIM2+F        225.854      49  549.708      1366.375     648.951
 80  TIM2+F+I      225.551      50  551.101      1571.101     652.369
 81  TIM2+F+G4     225.713      50  551.427      1571.427     652.694
 82  TIM2+F+I+G4   225.576      51  553.151      1879.151     656.444
 83  TIM2+F+R2     225.722      51  553.443      1879.443     656.736
 92  TIM2e         226.679      46  545.358      1025.802     638.524
 93  TIM2e+I       226.201      47  546.401      1110.401     641.593
 94  TIM2e+G4      226.444      47  546.889      1110.889     642.080
 95  TIM2e+I+G4    226.203      48  548.405      1220.405     645.622
 96  TIM2e+R2      226.410      48  548.820      1220.820     646.037
105  TIM+F         224.723      49  547.446      1364.113     646.688
106  TIM+F+I       224.284      50  548.568      1568.568     649.835
107  TIM+F+G4      224.511      50  549.021      1569.021     650.289
108  TIM+F+I+G4    224.294      51  550.588      1876.588     653.881
109  TIM+F+R2      224.478      51  550.955      1876.955     654.248
118  TIMe          225.602      46  543.204      1023.648     636.370
119  TIMe+I        224.974      47  543.949      1107.949     639.140
120  TIMe+G4       225.283      47  544.566      1108.566     639.757
121  TIMe+I+G4     224.975      48  545.951      1217.951     643.168
122  TIMe+R2       225.212      48  546.425      1218.425     643.642
131  TPM3u+F       226.194      48  548.388      1220.388     645.605
132  TPM3u+F+I     225.849      49  549.698      1366.365     648.940
133  TPM3u+F+G4    225.985      49  549.969      1366.636     649.211
134  TPM3u+F+I+G4  225.868      50  551.737      1571.737     653.004
135  TPM3u+F+R2    225.963      50  551.925      1571.925     653.193
144  TPM3+F        226.194      48  548.388      1220.388     645.605
145  TPM3+F+I      225.849      49  549.698      1366.365     648.940
146  TPM3+F+G4     225.985      49  549.969      1366.636     649.211
147  TPM3+F+I+G4   225.868      50  551.737      1571.737     653.004
148  TPM3+F+R2     225.963      50  551.925      1571.925     653.193
157  TPM2u+F       226.062      48  548.124      1220.124     645.341
158  TPM2u+F+I     225.823      49  549.645      1366.312     648.888
159  TPM2u+F+G4    225.932      49  549.864      1366.530     649.106
160  TPM2u+F+I+G4  225.870      50  551.740      1571.740     653.007
161  TPM2u+F+R2    225.946      50  551.892      1571.892     653.159
170  TPM2+F        226.062      48  548.124      1220.124     645.341
171  TPM2+F+I      225.823      49  549.645      1366.312     648.888
172  TPM2+F+G4     225.932      49  549.864      1366.530     649.106
173  TPM2+F+I+G4   225.870      50  551.740      1571.740     653.007
174  TPM2+F+R2     225.946      50  551.892      1571.892     653.159
183  K3Pu+F        224.963      48  545.927      1217.927     643.143
184  K3Pu+F+I      224.611      49  547.222      1363.889     646.465
185  K3Pu+F+G4     224.755      49  547.510      1364.176     646.752
186  K3Pu+F+I+G4   224.634      50  549.267      1569.267     650.535
187  K3Pu+F+R2     224.730      50  549.460      1569.460     650.728
196  K3P           225.800      45  541.600      955.600      632.741
197  K3P+I         225.289      46  542.579      1023.023     635.745
198  K3P+G4        225.493      46  542.985      1023.429     636.151
199  K3P+I+G4      225.292      47  544.584      1108.584     639.776
200  K3P+R2        225.437      47  544.875      1108.875     640.066
209  TN+F          226.230      48  548.459      1220.459     645.676
210  TN+F+I        225.778      49  549.555      1366.222     648.797
211  TN+F+G4       225.995      49  549.990      1366.656     649.232
212  TN+F+I+G4     225.781      50  551.562      1571.562     652.830
213  TN+F+R2       225.966      50  551.931      1571.931     653.199
222  TNe           226.916      45  543.831      957.831      634.972
223  TNe+I         226.288      46  544.576      1025.021     637.742
224  TNe+G4        226.580      46  545.161      1025.605     638.327
225  TNe+I+G4      226.289      47  546.579      1110.579     641.770
226  TNe+R2        226.517      47  547.034      1111.034     642.225
235  HKY+F         226.453      47  546.905      1110.905     642.097
236  HKY+F+I       226.094      48  548.188      1220.188     645.404
237  HKY+F+G4      226.235      48  548.470      1220.470     645.687
238  HKY+F+I+G4    226.110      49  550.220      1366.887     649.463
239  HKY+F+R2      226.215      49  550.429      1367.096     649.672
248  K2P           227.101      44  542.202      902.202      631.318
249  K2P+I         226.595      45  543.189      957.189      634.330
250  K2P+G4        226.793      45  543.585      957.585      634.726
251  K2P+I+G4      226.597      46  545.193      1025.638     638.360
252  K2P+R2        226.744      46  545.487      1025.932     638.653
261  F81+F         233.571      46  559.142      1039.586     652.308
262  F81+F+I       233.211      47  560.422      1124.422     655.614
263  F81+F+G4      233.344      47  560.688      1124.688     655.880
264  F81+F+I+G4    233.226      48  562.452      1234.452     659.669
265  F81+F+R2      233.329      48  562.658      1234.658     659.875
274  JC            234.020      43  554.040      869.374      641.130
275  JC+I          233.583      44  555.167      915.167      644.282
276  JC+G4         233.748      44  555.495      915.495      644.611
277  JC+I+G4       233.589      45  557.177      971.177      648.318
278  JC+R2         233.712      45  557.424      971.424      648.565
Akaike Information Criterion:           K3P
Corrected Akaike Information Criterion: JC
Bayesian Information Criterion:         K2P
Best-fit model: K2P chosen according to BIC

All model information printed to /SAN/ugi/plant_genom/jiajucui/4_mapping_to_pseudomonas/tailocin_extract/tree/fullinfo/ftailocin_TFA.model.gz
CPU time for ModelFinder: 133.817 seconds (0h:2m:13s)
Wall-clock time for ModelFinder: 142.794 seconds (0h:2m:22s)
Generating 1000 samples for ultrafast bootstrap (seed: 661693)...

NOTE: 0 MB RAM (0 GB) is required!
Estimate model parameters (epsilon = 0.100)
1. Initial log-likelihood: -227.101
Optimal log-likelihood: -227.101
Rate parameters:  A-C: 1.00000  A-G: 4.09756  A-T: 1.00000  C-G: 1.00000  C-T: 4.09756  G-T: 1.00000
Base frequencies:  A: 0.250  C: 0.250  G: 0.250  T: 0.250
Parameters optimization took 1 rounds (0.001 sec)
Computing ML distances based on estimated model parameters...
Computing ML distances took 0.003587 sec (of wall-clock time) 0.003553 sec(of CPU time)
Computing RapidNJ tree took 0.000308 sec (of wall-clock time) 0.000307 sec (of CPU time)
Log-likelihood of RapidNJ tree: -226.131
--------------------------------------------------------------------
|             INITIALIZING CANDIDATE TREE SET                      |
--------------------------------------------------------------------
Generating 98 parsimony trees... 0.067 second
Computing log-likelihood of 98 initial trees ... 0.041 seconds
Current best score: -226.131

Do NNI search on 20 best initial trees
Estimate model parameters (epsilon = 0.100)
BETTER TREE FOUND at iteration 1: -226.124
Iteration 10 / LogL: -227.107 / Time: 0h:0m:0s
BETTER TREE FOUND at iteration 13: -226.123
BETTER TREE FOUND at iteration 14: -226.123
BETTER TREE FOUND at iteration 19: -226.123
Iteration 20 / LogL: -226.123 / Time: 0h:0m:0s
Finish initializing candidate tree set (15)
Current best tree score: -226.123 / CPU time: 0.282
Number of iterations: 20
--------------------------------------------------------------------
|               OPTIMIZING CANDIDATE TREE SET                      |
--------------------------------------------------------------------
Iteration 30 / LogL: -226.123 / Time: 0h:0m:0s (0h:0m:1s left)
BETTER TREE FOUND at iteration 34: -226.123
Iteration 40 / LogL: -226.123 / Time: 0h:0m:0s (0h:0m:1s left)
Iteration 50 / LogL: -260.735 / Time: 0h:0m:0s (0h:0m:1s left)
Log-likelihood cutoff on original alignment: -243.965
Iteration 60 / LogL: -226.123 / Time: 0h:0m:0s (0h:0m:1s left)
Iteration 70 / LogL: -238.281 / Time: 0h:0m:1s (0h:0m:1s left)
Iteration 80 / LogL: -226.123 / Time: 0h:0m:1s (0h:0m:0s left)
Iteration 90 / LogL: -262.152 / Time: 0h:0m:1s (0h:0m:0s left)
Iteration 100 / LogL: -226.123 / Time: 0h:0m:1s (0h:0m:0s left)
Log-likelihood cutoff on original alignment: -245.691
NOTE: Bootstrap correlation coefficient of split occurrence frequencies: 0.995
Iteration 110 / LogL: -230.158 / Time: 0h:0m:1s (0h:0m:1s left)
Iteration 120 / LogL: -226.123 / Time: 0h:0m:1s (0h:0m:1s left)
Iteration 130 / LogL: -226.123 / Time: 0h:0m:1s (0h:0m:1s left)
TREE SEARCH COMPLETED AFTER 135 ITERATIONS / Time: 0h:0m:2s

--------------------------------------------------------------------
|                    FINALIZING TREE SEARCH                        |
--------------------------------------------------------------------
Performs final model parameters optimization
Estimate model parameters (epsilon = 0.010)
1. Initial log-likelihood: -226.123
Optimal log-likelihood: -226.123
Rate parameters:  A-C: 1.00000  A-G: 3.92773  A-T: 1.00000  C-G: 1.00000  C-T: 3.92773  G-T: 1.00000
Base frequencies:  A: 0.250  C: 0.250  G: 0.250  T: 0.250
Parameters optimization took 1 rounds (0.001 sec)
BEST SCORE FOUND : -226.123

Testing tree branches by SH-like aLRT with 1000 replicates...
0.030 sec.
Creating bootstrap support values...
Split supports printed to NEXUS file /SAN/ugi/plant_genom/jiajucui/4_mapping_to_pseudomonas/tailocin_extract/tree/fullinfo/ftailocin_TFA.splits.nex
Total tree length: 0.811

Total number of iterations: 135
CPU time used for tree search: 1.855 sec (0h:0m:1s)
Wall-clock time used for tree search: 1.941 sec (0h:0m:1s)
Total CPU time used: 1.967 sec (0h:0m:1s)
Total wall-clock time used: 2.154 sec (0h:0m:2s)

Computing bootstrap consensus tree...
Reading input file /SAN/ugi/plant_genom/jiajucui/4_mapping_to_pseudomonas/tailocin_extract/tree/fullinfo/ftailocin_TFA.splits.nex...
23 taxa and 240 splits.
Consensus tree written to /SAN/ugi/plant_genom/jiajucui/4_mapping_to_pseudomonas/tailocin_extract/tree/fullinfo/ftailocin_TFA.contree
Reading input trees file /SAN/ugi/plant_genom/jiajucui/4_mapping_to_pseudomonas/tailocin_extract/tree/fullinfo/ftailocin_TFA.contree
Log-likelihood of consensus tree: -226.125

Analysis results written to: 
  IQ-TREE report:                /SAN/ugi/plant_genom/jiajucui/4_mapping_to_pseudomonas/tailocin_extract/tree/fullinfo/ftailocin_TFA.iqtree
  Maximum-likelihood tree:       /SAN/ugi/plant_genom/jiajucui/4_mapping_to_pseudomonas/tailocin_extract/tree/fullinfo/ftailocin_TFA.treefile
  Likelihood distances:          /SAN/ugi/plant_genom/jiajucui/4_mapping_to_pseudomonas/tailocin_extract/tree/fullinfo/ftailocin_TFA.mldist

Ultrafast bootstrap approximation results written to:
  Split support values:          /SAN/ugi/plant_genom/jiajucui/4_mapping_to_pseudomonas/tailocin_extract/tree/fullinfo/ftailocin_TFA.splits.nex
  Consensus tree:                /SAN/ugi/plant_genom/jiajucui/4_mapping_to_pseudomonas/tailocin_extract/tree/fullinfo/ftailocin_TFA.contree
  Screen log file:               /SAN/ugi/plant_genom/jiajucui/4_mapping_to_pseudomonas/tailocin_extract/tree/fullinfo/ftailocin_TFA.log

Date and Time: Mon Jul  8 01:09:36 2024
